<?xml version="1.0" encoding="UTF-8"?>
<testsuite xmlns:xsi="http://www.w3.org/2001/XMLSchema-instance" xsi:noNamespaceSchemaLocation="https://maven.apache.org/surefire/maven-surefire-plugin/xsd/surefire-test-report-3.0.xsd" version="3.0" name="TestSuite" time="3.31" tests="23" errors="0" skipped="0" failures="0">
  <properties>
    <property name="java.specification.version" value="19"/>
    <property name="javafx.runtime.version" value="19+11"/>
    <property name="sun.cpu.isalist" value="amd64"/>
    <property name="sun.jnu.encoding" value="Cp1252"/>
    <property name="java.class.path" value="F:\Unistuff\teaching-2023.ws.prse.braeuer.team3\Fahrtenbuch\target\test-classes;F:\Unistuff\teaching-2023.ws.prse.braeuer.team3\Fahrtenbuch\target\classes;C:\Users\Aitch\.m2\repository\org\jfree\jfreechart\1.5.3\jfreechart-1.5.3.jar;C:\Users\Aitch\.m2\repository\com\opencsv\opencsv\5.6\opencsv-5.6.jar;C:\Users\Aitch\.m2\repository\org\apache\commons\commons-lang3\3.12.0\commons-lang3-3.12.0.jar;C:\Users\Aitch\.m2\repository\org\apache\commons\commons-text\1.9\commons-text-1.9.jar;C:\Users\Aitch\.m2\repository\commons-beanutils\commons-beanutils\1.9.4\commons-beanutils-1.9.4.jar;C:\Users\Aitch\.m2\repository\commons-logging\commons-logging\1.2\commons-logging-1.2.jar;C:\Users\Aitch\.m2\repository\commons-collections\commons-collections\3.2.2\commons-collections-3.2.2.jar;C:\Users\Aitch\.m2\repository\org\apache\commons\commons-collections4\4.4\commons-collections4-4.4.jar;C:\Users\Aitch\.m2\repository\org\testfx\testfx-core\4.0.17\testfx-core-4.0.17.jar;C:\Users\Aitch\.m2\repository\org\hamcrest\hamcrest\2.1\hamcrest-2.1.jar;C:\Users\Aitch\.m2\repository\org\assertj\assertj-core\3.13.2\assertj-core-3.13.2.jar;C:\Users\Aitch\.m2\repository\org\osgi\org.osgi.core\6.0.0\org.osgi.core-6.0.0.jar;C:\Users\Aitch\.m2\repository\org\testfx\testfx-junit\4.0.17\testfx-junit-4.0.17.jar;C:\Users\Aitch\.m2\repository\org\hamcrest\hamcrest-core\2.1\hamcrest-core-2.1.jar;C:\Users\Aitch\.m2\repository\org\controlsfx\controlsfx\11.1.2\controlsfx-11.1.2.jar;C:\Users\Aitch\.m2\repository\org\openjfx\javafx-controls\19\javafx-controls-19.jar;C:\Users\Aitch\.m2\repository\org\openjfx\javafx-controls\19\javafx-controls-19-win.jar;C:\Users\Aitch\.m2\repository\org\openjfx\javafx-graphics\19\javafx-graphics-19.jar;C:\Users\Aitch\.m2\repository\org\openjfx\javafx-graphics\19\javafx-graphics-19-win.jar;C:\Users\Aitch\.m2\repository\org\openjfx\javafx-base\19\javafx-base-19.jar;C:\Users\Aitch\.m2\repository\org\openjfx\javafx-base\19\javafx-base-19-win.jar;C:\Users\Aitch\.m2\repository\org\openjfx\javafx-fxml\19\javafx-fxml-19.jar;C:\Users\Aitch\.m2\repository\org\openjfx\javafx-fxml\19\javafx-fxml-19-win.jar;C:\Users\Aitch\.m2\repository\junit\junit\4.12\junit-4.12.jar;C:\Users\Aitch\.m2\repository\com\dropbox\core\dropbox-core-sdk\6.0.0\dropbox-core-sdk-6.0.0.jar;C:\Users\Aitch\.m2\repository\com\fasterxml\jackson\core\jackson-core\2.15.0\jackson-core-2.15.0.jar;C:\Users\Aitch\.m2\repository\org\testng\testng\7.8.0\testng-7.8.0.jar;C:\Users\Aitch\.m2\repository\org\slf4j\slf4j-api\1.7.36\slf4j-api-1.7.36.jar;C:\Users\Aitch\.m2\repository\com\beust\jcommander\1.82\jcommander-1.82.jar;C:\Users\Aitch\.m2\repository\org\webjars\jquery\3.6.1\jquery-3.6.1.jar;C:\Users\Aitch\.m2\repository\org\junit\jupiter\junit-jupiter\5.10.1\junit-jupiter-5.10.1.jar;C:\Users\Aitch\.m2\repository\org\junit\jupiter\junit-jupiter-api\5.10.1\junit-jupiter-api-5.10.1.jar;C:\Users\Aitch\.m2\repository\org\opentest4j\opentest4j\1.3.0\opentest4j-1.3.0.jar;C:\Users\Aitch\.m2\repository\org\junit\platform\junit-platform-commons\1.10.1\junit-platform-commons-1.10.1.jar;C:\Users\Aitch\.m2\repository\org\apiguardian\apiguardian-api\1.1.2\apiguardian-api-1.1.2.jar;C:\Users\Aitch\.m2\repository\org\junit\jupiter\junit-jupiter-params\5.10.1\junit-jupiter-params-5.10.1.jar;C:\Users\Aitch\.m2\repository\org\junit\jupiter\junit-jupiter-engine\5.10.1\junit-jupiter-engine-5.10.1.jar;C:\Users\Aitch\.m2\repository\org\junit\platform\junit-platform-engine\1.10.1\junit-platform-engine-1.10.1.jar;"/>
    <property name="java.vm.vendor" value="Amazon.com Inc."/>
    <property name="sun.arch.data.model" value="64"/>
    <property name="user.variant" value=""/>
    <property name="java.vendor.url" value="https://aws.amazon.com/corretto/"/>
    <property name="user.timezone" value="Europe/Vienna"/>
    <property name="javafx.version" value="19"/>
    <property name="os.name" value="Windows 10"/>
    <property name="java.vm.specification.version" value="19"/>
    <property name="sun.java.launcher" value="SUN_STANDARD"/>
    <property name="user.country" value="AT"/>
    <property name="sun.boot.library.path" value="C:\Users\Aitch\.jdks\corretto-19.0.2\bin"/>
    <property name="sun.java.command" value="C:\Users\Aitch\AppData\Local\Temp\surefire9309222694885508141\surefirebooter3673613000488527468.jar C:\Users\Aitch\AppData\Local\Temp\surefire9309222694885508141 2024-01-18T18-58-26_854-jvmRun1 surefire7137994026521136625tmp surefire_012887437702469686219tmp"/>
    <property name="jdk.debug" value="release"/>
    <property name="surefire.test.class.path" value="F:\Unistuff\teaching-2023.ws.prse.braeuer.team3\Fahrtenbuch\target\test-classes;F:\Unistuff\teaching-2023.ws.prse.braeuer.team3\Fahrtenbuch\target\classes;C:\Users\Aitch\.m2\repository\org\jfree\jfreechart\1.5.3\jfreechart-1.5.3.jar;C:\Users\Aitch\.m2\repository\com\opencsv\opencsv\5.6\opencsv-5.6.jar;C:\Users\Aitch\.m2\repository\org\apache\commons\commons-lang3\3.12.0\commons-lang3-3.12.0.jar;C:\Users\Aitch\.m2\repository\org\apache\commons\commons-text\1.9\commons-text-1.9.jar;C:\Users\Aitch\.m2\repository\commons-beanutils\commons-beanutils\1.9.4\commons-beanutils-1.9.4.jar;C:\Users\Aitch\.m2\repository\commons-logging\commons-logging\1.2\commons-logging-1.2.jar;C:\Users\Aitch\.m2\repository\commons-collections\commons-collections\3.2.2\commons-collections-3.2.2.jar;C:\Users\Aitch\.m2\repository\org\apache\commons\commons-collections4\4.4\commons-collections4-4.4.jar;C:\Users\Aitch\.m2\repository\org\testfx\testfx-core\4.0.17\testfx-core-4.0.17.jar;C:\Users\Aitch\.m2\repository\org\hamcrest\hamcrest\2.1\hamcrest-2.1.jar;C:\Users\Aitch\.m2\repository\org\assertj\assertj-core\3.13.2\assertj-core-3.13.2.jar;C:\Users\Aitch\.m2\repository\org\osgi\org.osgi.core\6.0.0\org.osgi.core-6.0.0.jar;C:\Users\Aitch\.m2\repository\org\testfx\testfx-junit\4.0.17\testfx-junit-4.0.17.jar;C:\Users\Aitch\.m2\repository\org\hamcrest\hamcrest-core\2.1\hamcrest-core-2.1.jar;C:\Users\Aitch\.m2\repository\org\controlsfx\controlsfx\11.1.2\controlsfx-11.1.2.jar;C:\Users\Aitch\.m2\repository\org\openjfx\javafx-controls\19\javafx-controls-19.jar;C:\Users\Aitch\.m2\repository\org\openjfx\javafx-controls\19\javafx-controls-19-win.jar;C:\Users\Aitch\.m2\repository\org\openjfx\javafx-graphics\19\javafx-graphics-19.jar;C:\Users\Aitch\.m2\repository\org\openjfx\javafx-graphics\19\javafx-graphics-19-win.jar;C:\Users\Aitch\.m2\repository\org\openjfx\javafx-base\19\javafx-base-19.jar;C:\Users\Aitch\.m2\repository\org\openjfx\javafx-base\19\javafx-base-19-win.jar;C:\Users\Aitch\.m2\repository\org\openjfx\javafx-fxml\19\javafx-fxml-19.jar;C:\Users\Aitch\.m2\repository\org\openjfx\javafx-fxml\19\javafx-fxml-19-win.jar;C:\Users\Aitch\.m2\repository\junit\junit\4.12\junit-4.12.jar;C:\Users\Aitch\.m2\repository\com\dropbox\core\dropbox-core-sdk\6.0.0\dropbox-core-sdk-6.0.0.jar;C:\Users\Aitch\.m2\repository\com\fasterxml\jackson\core\jackson-core\2.15.0\jackson-core-2.15.0.jar;C:\Users\Aitch\.m2\repository\org\testng\testng\7.8.0\testng-7.8.0.jar;C:\Users\Aitch\.m2\repository\org\slf4j\slf4j-api\1.7.36\slf4j-api-1.7.36.jar;C:\Users\Aitch\.m2\repository\com\beust\jcommander\1.82\jcommander-1.82.jar;C:\Users\Aitch\.m2\repository\org\webjars\jquery\3.6.1\jquery-3.6.1.jar;C:\Users\Aitch\.m2\repository\org\junit\jupiter\junit-jupiter\5.10.1\junit-jupiter-5.10.1.jar;C:\Users\Aitch\.m2\repository\org\junit\jupiter\junit-jupiter-api\5.10.1\junit-jupiter-api-5.10.1.jar;C:\Users\Aitch\.m2\repository\org\opentest4j\opentest4j\1.3.0\opentest4j-1.3.0.jar;C:\Users\Aitch\.m2\repository\org\junit\platform\junit-platform-commons\1.10.1\junit-platform-commons-1.10.1.jar;C:\Users\Aitch\.m2\repository\org\apiguardian\apiguardian-api\1.1.2\apiguardian-api-1.1.2.jar;C:\Users\Aitch\.m2\repository\org\junit\jupiter\junit-jupiter-params\5.10.1\junit-jupiter-params-5.10.1.jar;C:\Users\Aitch\.m2\repository\org\junit\jupiter\junit-jupiter-engine\5.10.1\junit-jupiter-engine-5.10.1.jar;C:\Users\Aitch\.m2\repository\org\junit\platform\junit-platform-engine\1.10.1\junit-platform-engine-1.10.1.jar;"/>
    <property name="sun.cpu.endian" value="little"/>
    <property name="user.home" value="C:\Users\Aitch"/>
    <property name="user.language" value="de"/>
    <property name="java.specification.vendor" value="Oracle Corporation"/>
    <property name="java.version.date" value="2023-01-17"/>
    <property name="java.home" value="C:\Users\Aitch\.jdks\corretto-19.0.2"/>
    <property name="file.separator" value="\"/>
    <property name="basedir" value="F:\Unistuff\teaching-2023.ws.prse.braeuer.team3\Fahrtenbuch"/>
    <property name="java.vm.compressedOopsMode" value="Zero based"/>
    <property name="line.separator" value="&#10;"/>
    <property name="java.vm.specification.vendor" value="Oracle Corporation"/>
    <property name="java.specification.name" value="Java Platform API Specification"/>
    <property name="surefire.real.class.path" value="C:\Users\Aitch\AppData\Local\Temp\surefire9309222694885508141\surefirebooter3673613000488527468.jar"/>
    <property name="user.script" value=""/>
    <property name="sun.management.compiler" value="HotSpot 64-Bit Tiered Compilers"/>
    <property name="java.runtime.version" value="19.0.2+7-FR"/>
    <property name="user.name" value="Aitch"/>
    <property name="stdout.encoding" value="Cp1252"/>
    <property name="path.separator" value=";"/>
    <property name="os.version" value="10.0"/>
    <property name="java.runtime.name" value="OpenJDK Runtime Environment"/>
    <property name="file.encoding" value="UTF-8"/>
    <property name="java.vm.name" value="OpenJDK 64-Bit Server VM"/>
    <property name="java.vendor.version" value="Corretto-19.0.2.7.1"/>
    <property name="localRepository" value="C:\Users\Aitch\.m2\repository"/>
    <property name="java.vendor.url.bug" value="https://github.com/corretto/corretto-19/issues/"/>
    <property name="java.io.tmpdir" value="C:\Users\Aitch\AppData\Local\Temp\"/>
    <property name="idea.version" value="2022.2.3"/>
    <property name="java.version" value="19.0.2"/>
    <property name="user.dir" value="F:\Unistuff\teaching-2023.ws.prse.braeuer.team3\Fahrtenbuch"/>
    <property name="os.arch" value="amd64"/>
    <property name="java.vm.specification.name" value="Java Virtual Machine Specification"/>
    <property name="sun.os.patch.level" value=""/>
    <property name="native.encoding" value="Cp1252"/>
    <property name="java.library.path" value="C:\Users\Aitch\.jdks\corretto-19.0.2\bin;C:\WINDOWS\Sun\Java\bin;C:\WINDOWS\system32;C:\WINDOWS;F:\OpenJdK\bin;C:\Program Files\Common Files\Oracle\Java\javapath;C:\Program Files (x86)\Common Files\Oracle\Java\javapath;C:\Program Files\ImageMagick-7.1.0-Q16-HDRI;C:\Program Files (x86)\Razer Chroma SDK\bin;C:\Program Files\Razer Chroma SDK\bin;C:\Program Files (x86)\Razer\ChromaBroadcast\bin;C:\Program Files\Razer\ChromaBroadcast\bin;C:\Windows\system32;C:\Windows;C:\Windows\System32\Wbem;C:\Windows\System32\WindowsPowerShell\v1.0\;C:\Windows\System32\OpenSSH\;C:\Program Files\NVIDIA Corporation\NVIDIA NvDLISR;C:\Program Files (x86)\Smart Projects\IsoBuster;C:\Users\Aitch\AppData\Local\Microsoft\WindowsApps;C:\WINDOWS\system32;C:\WINDOWS;C:\WINDOWS\System32\Wbem;C:\WINDOWS\System32\WindowsPowerShell\v1.0\;C:\WINDOWS\System32\OpenSSH\;C:\WINDOWS\system32\config\systemprofile\AppData\Local\Microsoft\WindowsApps;C:\Program Files (x86)\NVIDIA Corporation\PhysX\Common;C:\Program Files\Docker\Docker\resources\bin;C:\ProgramData\DockerDesktop\version-bin;C:\Program Files\Git\cmd;F:\BaseX\bin;C:\WINDOWS\system32;C:\WINDOWS;C:\WINDOWS\System32\Wbem;C:\WINDOWS\System32\WindowsPowerShell\v1.0\;C:\WINDOWS\System32\OpenSSH\;F:\Unistuff\SEPR\apache-maven-3.9.5\bin;C:\Program Files\dotnet;C:\Program Files\dotnet\;C:\Users\Aitch\AppData\Local\Programs\Python\Python310\Scripts\;C:\Users\Aitch\AppData\Local\Programs\Python\Python310\;C:\Users\Aitch\AppData\Local\Microsoft\WindowsApps;C:\Users\Aitch\.dotnet\tools;C:\Program Files (x86)\Nmap;F:\Microsoft VS Code\bin;."/>
    <property name="java.vm.info" value="mixed mode, sharing"/>
    <property name="stderr.encoding" value="Cp1252"/>
    <property name="java.vendor" value="Amazon.com Inc."/>
    <property name="java.vm.version" value="19.0.2+7-FR"/>
    <property name="sun.io.unicode.encoding" value="UnicodeLittle"/>
    <property name="java.class.version" value="63.0"/>
  </properties>
  <testcase name="testApp on testApp(at.jku.se.prse.team3.AppTest)" classname="at.jku.se.prse.team3.AppTest" time="0.001"/>
  <testcase name="manualImport on manualImport(at.jku.se.prse.team3.FahrtenbuchTest)" classname="at.jku.se.prse.team3.FahrtenbuchTest" time="0.043"/>
  <testcase name="testExportImportFahrt on testExportImportFahrt(at.jku.se.prse.team3.FahrtenbuchTest)" classname="at.jku.se.prse.team3.FahrtenbuchTest" time="0.008"/>
  <testcase name="testNeueFahrt on testNeueFahrt(at.jku.se.prse.team3.FahrtenbuchTest)" classname="at.jku.se.prse.team3.FahrtenbuchTest" time="0"/>
  <testcase name="exportManual on exportManual(at.jku.se.prse.team3.FahrtenbuchTest)" classname="at.jku.se.prse.team3.FahrtenbuchTest" time="0.001"/>
  <testcase name="testBearbeiteFahrt on testBearbeiteFahrt(at.jku.se.prse.team3.FahrtenbuchTest)" classname="at.jku.se.prse.team3.FahrtenbuchTest" time="0.001"/>
  <testcase name="testLoescheFahrten on testLoescheFahrten(at.jku.se.prse.team3.FahrtenbuchTest)" classname="at.jku.se.prse.team3.FahrtenbuchTest" time="0"/>
  <testcase name="testZeigeKilometerDiagramm on testZeigeKilometerDiagramm(at.jku.se.prse.team3.FahrtenbuchUITest)" classname="at.jku.se.prse.team3.FahrtenbuchUITest" time="1.061"/>
  <testcase name="testZeigeErweiterteKilometerStatistik on testZeigeErweiterteKilometerStatistik(at.jku.se.prse.team3.FahrtenbuchUITest)" classname="at.jku.se.prse.team3.FahrtenbuchUITest" time="0.545"/>
  <testcase name="testZeigeJahresKilometerDiagramm on testZeigeJahresKilometerDiagramm(at.jku.se.prse.team3.FahrtenbuchUITest)" classname="at.jku.se.prse.team3.FahrtenbuchUITest" time="0.38"/>
  <testcase name="testBerechneKilometerProMonatUndKategorie on testBerechneKilometerProMonatUndKategorie(at.jku.se.prse.team3.FahrtenbuchUITest)" classname="at.jku.se.prse.team3.FahrtenbuchUITest" time="0.291"/>
  <testcase name="testZeigeJahresKilometerStatistik on testZeigeJahresKilometerStatistik(at.jku.se.prse.team3.FahrtenbuchUITest)" classname="at.jku.se.prse.team3.FahrtenbuchUITest" time="0.385"/>
  <testcase name="testFahrtStatusWertOf on testFahrtStatusWertOf(at.jku.se.prse.team3.FahrtStatusTest)" classname="at.jku.se.prse.team3.FahrtStatusTest" time="0"/>
  <testcase name="testFahrtStatusWerte on testFahrtStatusWerte(at.jku.se.prse.team3.FahrtStatusTest)" classname="at.jku.se.prse.team3.FahrtStatusTest" time="0.001"/>
  <testcase name="testAnkunftszeit on testAnkunftszeit(at.jku.se.prse.team3.FahrtTest)" classname="at.jku.se.prse.team3.FahrtTest" time="0"/>
  <testcase name="testDatum on testDatum(at.jku.se.prse.team3.FahrtTest)" classname="at.jku.se.prse.team3.FahrtTest" time="0"/>
  <testcase name="testKategorien on testKategorien(at.jku.se.prse.team3.FahrtTest)" classname="at.jku.se.prse.team3.FahrtTest" time="0"/>
  <testcase name="testAktiveFahrzeit on testAktiveFahrzeit(at.jku.se.prse.team3.FahrtTest)" classname="at.jku.se.prse.team3.FahrtTest" time="0"/>
  <testcase name="testGefahreneKilometer on testGefahreneKilometer(at.jku.se.prse.team3.FahrtTest)" classname="at.jku.se.prse.team3.FahrtTest" time="0"/>
  <testcase name="testFahrtstatus on testFahrtstatus(at.jku.se.prse.team3.FahrtTest)" classname="at.jku.se.prse.team3.FahrtTest" time="0"/>
  <testcase name="testKfzKennzeichen on testKfzKennzeichen(at.jku.se.prse.team3.FahrtTest)" classname="at.jku.se.prse.team3.FahrtTest" time="0"/>
  <testcase name="testAddKategorie on testAddKategorie(at.jku.se.prse.team3.FahrtTest)" classname="at.jku.se.prse.team3.FahrtTest" time="0.001"/>
  <testcase name="testAbfahrtszeit on testAbfahrtszeit(at.jku.se.prse.team3.FahrtTest)" classname="at.jku.se.prse.team3.FahrtTest" time="0"/>
</testsuite>